<?xml version="1.0" encoding="UTF-8"?>
<!-- Generated by org.testng.reporters.JUnitXMLReporter -->
<testsuite ignored="0" hostname="Samir-Laptop" failures="0" tests="1" name="Surefire test" time="0.052" errors="0" timestamp="2023-03-29T20:07:14 CST">
  <testcase classname="src.test.java.com.sbutron.PageTest" name="@BeforeTest setup" time="0.028">
    <failure type="java.lang.NullPointerException" message="Cannot invoke &amp;quot;com.fasterxml.jackson.databind.node.ObjectNode.get(String)&amp;quot; because &amp;quot;this.settings&amp;quot; is null">
      <![CDATA[java.lang.NullPointerException: Cannot invoke "com.fasterxml.jackson.databind.node.ObjectNode.get(String)" because "this.settings" is null
at src.utilities.SettingsReader.getValue(SettingsReader.java:38)
at src.utilities.Browser.<init>(Browser.java:16)
at src.utilities.Browser.getInstance(Browser.java:20)
at src.test.java.com.sbutron.PageTest.setup(PageTest.java:16)
... Removed 29 stack frames]]>
    </failure>
  </testcase> <!-- @BeforeTest setup -->
  <testcase classname="src.test.java.com.sbutron.PageTest" name="@AfterTest teardown" time="0.0">
    <skipped/>
  </testcase> <!-- @AfterTest teardown -->
  <testcase classname="src.test.java.com.sbutron.PageTest" name="PrivacyPolicy" time="0.0">
    <skipped/>
  </testcase> <!-- PrivacyPolicy -->
</testsuite> <!-- Surefire test -->
