<?xml version="1.0" encoding="UTF-8"?>
<!-- Generated by org.testng.reporters.JUnitXMLReporter -->
<testsuite ignored="0" hostname="Samir-Laptop" failures="0" tests="5" name="Surefire test" time="0.179" errors="0" timestamp="2023-04-17T13:06:59 CDT">
  <testcase classname="src.test.java.com.sbutron.PageTest" name="@BeforeTest setup" time="0.034">
    <failure type="java.lang.UnsupportedClassVersionError" message="Preview features are not enabled for src/browserfactory/BrowserFactory (class file version 61.65535). Try running with &amp;apos;--enable-preview&amp;apos;">
      <![CDATA[java.lang.UnsupportedClassVersionError: Preview features are not enabled for src/browserfactory/BrowserFactory (class file version 61.65535). Try running with '--enable-preview'
at java.base/java.lang.ClassLoader.defineClass1(Native Method)
at java.base/java.lang.ClassLoader.defineClass(ClassLoader.java:1012)
at java.base/java.security.SecureClassLoader.defineClass(SecureClassLoader.java:150)
at java.base/jdk.internal.loader.BuiltinClassLoader.defineClass(BuiltinClassLoader.java:862)
at java.base/jdk.internal.loader.BuiltinClassLoader.findClassOnClassPathOrNull(BuiltinClassLoader.java:760)
at java.base/jdk.internal.loader.BuiltinClassLoader.loadClassOrNull(BuiltinClassLoader.java:681)
at java.base/jdk.internal.loader.BuiltinClassLoader.loadClass(BuiltinClassLoader.java:639)
at java.base/jdk.internal.loader.ClassLoaders$AppClassLoader.loadClass(ClassLoaders.java:188)
at java.base/java.lang.ClassLoader.loadClass(ClassLoader.java:520)
at src.browserfactory.Browser.<init>(Browser.java:16)
at src.browserfactory.Browser.getInstance(Browser.java:20)
at src.test.java.com.sbutron.PageTest.setup(PageTest.java:28)
... Removed 29 stack frames]]>
    </failure>
  </testcase> <!-- @BeforeTest setup -->
  <testcase classname="src.test.java.com.sbutron.PageTest" name="@AfterTest teardown" time="0.0">
    <skipped/>
  </testcase> <!-- @AfterTest teardown -->
  <testcase classname="src.test.java.com.sbutron.PageTest" name="alerts" time="0.0">
    <skipped/>
  </testcase> <!-- alerts -->
  <testcase classname="src.test.java.com.sbutron.PageTest" name="handles" time="0.0">
    <skipped/>
  </testcase> <!-- handles -->
  <testcase classname="src.test.java.com.sbutron.PageTest" name="iframe" time="0.0">
    <skipped/>
  </testcase> <!-- iframe -->
  <testcase classname="src.test.java.com.sbutron.PageTest" name="tables" time="0.0">
    <skipped/>
  </testcase> <!-- tables -->
  <testcase classname="src.test.java.com.sbutron.PageTest" name="tables" time="0.0">
    <skipped/>
  </testcase> <!-- tables -->
</testsuite> <!-- Surefire test -->
