-------------------------------------------------------------------------------
Test set: src.test.java.com.sbutron.PageTest
-------------------------------------------------------------------------------
Tests run: 3, Failures: 1, Errors: 0, Skipped: 2, Time elapsed: 0.497 s <<< FAILURE! - in src.test.java.com.sbutron.PageTest
setup(src.test.java.com.sbutron.PageTest)  Time elapsed: 0.346 s  <<< FAILURE!
java.lang.NullPointerException: Cannot invoke "com.fasterxml.jackson.databind.node.ObjectNode.get(String)" because "this.settings" is null
	at src.test.java.com.sbutron.PageTest.setup(PageTest.java:16)

