<?xml version="1.0" encoding="UTF-8"?>
<testng-results ignored="0" total="3" passed="3" failed="0" skipped="0">
  <reporter-output>
  </reporter-output>
  <suite started-at="2023-03-13T19:26:46 CST" name="Surefire suite" finished-at="2023-03-13T19:27:02 CST" duration-ms="16056">
    <groups>
    </groups>
    <test started-at="2023-03-13T19:26:46 CST" name="Surefire test" finished-at="2023-03-13T19:27:02 CST" duration-ms="16056">
      <class name="com.sbutron.SteamPageTest">
        <test-method is-config="true" signature="setup()[pri:0, instance:com.sbutron.SteamPageTest@ec756bd]" started-at="2023-03-13T19:26:46 CST" name="setup" finished-at="2023-03-13T19:26:46 CST" duration-ms="7" status="PASS">
          <reporter-output>
          </reporter-output>
        </test-method> <!-- setup -->
        <test-method signature="invalidLoginAttempt()[pri:0, instance:com.sbutron.SteamPageTest@ec756bd]" started-at="2023-03-13T19:26:46 CST" name="invalidLoginAttempt" finished-at="2023-03-13T19:26:53 CST" duration-ms="6820" status="PASS">
          <reporter-output>
          </reporter-output>
        </test-method> <!-- invalidLoginAttempt -->
        <test-method signature="loginPageOpen()[pri:0, instance:com.sbutron.SteamPageTest@ec756bd]" started-at="2023-03-13T19:26:53 CST" name="loginPageOpen" finished-at="2023-03-13T19:26:57 CST" duration-ms="4266" status="PASS">
          <reporter-output>
          </reporter-output>
        </test-method> <!-- loginPageOpen -->
        <test-method signature="mainPageIsDisplayed()[pri:0, instance:com.sbutron.SteamPageTest@ec756bd]" started-at="2023-03-13T19:26:57 CST" name="mainPageIsDisplayed" finished-at="2023-03-13T19:27:02 CST" duration-ms="4939" status="PASS">
          <reporter-output>
          </reporter-output>
        </test-method> <!-- mainPageIsDisplayed -->
        <test-method is-config="true" signature="teardown()[pri:0, instance:com.sbutron.SteamPageTest@ec756bd]" started-at="2023-03-13T19:27:02 CST" name="teardown" finished-at="2023-03-13T19:27:02 CST" duration-ms="1" status="PASS">
          <reporter-output>
          </reporter-output>
        </test-method> <!-- teardown -->
      </class> <!-- com.sbutron.SteamPageTest -->
    </test> <!-- Surefire test -->
  </suite> <!-- Surefire suite -->
</testng-results>
