<?xml version="1.0" encoding="UTF-8"?>
<!-- Generated by org.testng.reporters.JUnitXMLReporter -->
<testsuite ignored="0" hostname="Samir-Laptop" failures="0" tests="3" name="Surefire test" time="16.056" errors="0" timestamp="2023-03-13T19:27:02 CST">
  <testcase classname="com.sbutron.SteamPageTest" name="invalidLoginAttempt" time="6.82"/>
  <testcase classname="com.sbutron.SteamPageTest" name="loginPageOpen" time="4.266"/>
  <testcase classname="com.sbutron.SteamPageTest" name="mainPageIsDisplayed" time="4.939"/>
</testsuite> <!-- Surefire test -->
